0 info it worked if it ends with ok
1 verbose cli [ '/usr/local/bin/node',
1 verbose cli   '/usr/local/bin/npm',
1 verbose cli   'install',
1 verbose cli   '-g',
1 verbose cli   'coffee-script' ]
2 info using npm@1.4.28
3 info using node@v0.10.32
4 verbose cache add [ 'coffee-script', null ]
5 verbose cache add name=undefined spec="coffee-script" args=["coffee-script",null]
6 verbose parsed url { protocol: null,
6 verbose parsed url   slashes: null,
6 verbose parsed url   auth: null,
6 verbose parsed url   host: null,
6 verbose parsed url   port: null,
6 verbose parsed url   hostname: null,
6 verbose parsed url   hash: null,
6 verbose parsed url   search: null,
6 verbose parsed url   query: null,
6 verbose parsed url   pathname: 'coffee-script',
6 verbose parsed url   path: 'coffee-script',
6 verbose parsed url   href: 'coffee-script' }
7 silly lockFile ab358269-coffee-script coffee-script
8 verbose lock coffee-script /home/denis/.npm/ab358269-coffee-script.lock
9 silly lockFile ab358269-coffee-script coffee-script
10 silly lockFile ab358269-coffee-script coffee-script
11 verbose addNamed [ 'coffee-script', '' ]
12 verbose addNamed [ null, '*' ]
13 silly lockFile 53951495-coffee-script coffee-script@
14 verbose lock coffee-script@ /home/denis/.npm/53951495-coffee-script.lock
15 silly addNameRange { name: 'coffee-script', range: '*', hasData: false }
16 verbose request where is /coffee-script
17 verbose request registry https://registry.npmjs.org/
18 verbose request id e79ebe3917dcf155
19 verbose url raw /coffee-script
20 verbose url resolving [ 'https://registry.npmjs.org/', './coffee-script' ]
21 verbose url resolved https://registry.npmjs.org/coffee-script
22 verbose request where is https://registry.npmjs.org/coffee-script
23 info trying registry request attempt 1 at 21:45:05
24 verbose etag "1JGY2X2Z6RRUJJUL52WPLZ8SR"
25 http GET https://registry.npmjs.org/coffee-script
26 http 304 https://registry.npmjs.org/coffee-script
27 silly registry.get cb [ 304,
27 silly registry.get   { date: 'Tue, 21 Oct 2014 17:45:05 GMT',
27 silly registry.get     server: 'Apache',
27 silly registry.get     via: '1.1 varnish',
27 silly registry.get     'last-modified': 'Tue, 21 Oct 2014 17:45:05 GMT',
27 silly registry.get     'cache-control': 'max-age=60',
27 silly registry.get     etag: '"1JGY2X2Z6RRUJJUL52WPLZ8SR"',
27 silly registry.get     age: '0',
27 silly registry.get     'x-served-by': 'cache-fra1248-FRA',
27 silly registry.get     'x-cache': 'HIT',
27 silly registry.get     'x-cache-hits': '1',
27 silly registry.get     'x-timer': 'S1413913505.943831,VS0,VE0',
27 silly registry.get     vary: 'Accept',
27 silly registry.get     'content-length': '0',
27 silly registry.get     'keep-alive': 'timeout=10, max=50',
27 silly registry.get     connection: 'Keep-Alive' } ]
28 verbose etag https://registry.npmjs.org/coffee-script from cache
29 silly addNameRange number 2 { name: 'coffee-script', range: '*', hasData: true }
30 silly addNameRange versions [ 'coffee-script',
30 silly addNameRange   [ '0.7.0',
30 silly addNameRange     '0.7.1',
30 silly addNameRange     '0.7.2',
30 silly addNameRange     '0.9.0',
30 silly addNameRange     '0.9.1',
30 silly addNameRange     '0.9.2',
30 silly addNameRange     '0.9.3',
30 silly addNameRange     '0.9.4',
30 silly addNameRange     '0.9.5',
30 silly addNameRange     '0.9.6',
30 silly addNameRange     '1.0.0',
30 silly addNameRange     '1.0.1',
30 silly addNameRange     '1.1.0',
30 silly addNameRange     '1.1.1',
30 silly addNameRange     '1.1.2',
30 silly addNameRange     '1.1.3',
30 silly addNameRange     '1.2.0',
30 silly addNameRange     '1.3.0',
30 silly addNameRange     '1.3.1',
30 silly addNameRange     '1.3.2',
30 silly addNameRange     '1.3.3',
30 silly addNameRange     '1.4.0',
30 silly addNameRange     '1.5.0',
30 silly addNameRange     '1.6.0',
30 silly addNameRange     '1.6.1',
30 silly addNameRange     '1.6.2',
30 silly addNameRange     '1.6.3',
30 silly addNameRange     '1.7.0',
30 silly addNameRange     '1.7.1',
30 silly addNameRange     '1.8.0' ] ]
31 verbose addNamed [ 'coffee-script', '1.8.0' ]
32 verbose addNamed [ '1.8.0', '1.8.0' ]
33 silly lockFile d0d79082-coffee-script-1-8-0 coffee-script@1.8.0
34 verbose lock coffee-script@1.8.0 /home/denis/.npm/d0d79082-coffee-script-1-8-0.lock
35 silly lockFile ca39aec5-e-script-coffee-script-1-8-0-tgz https://registry.npmjs.org/coffee-script/-/coffee-script-1.8.0.tgz
36 verbose lock https://registry.npmjs.org/coffee-script/-/coffee-script-1.8.0.tgz /home/denis/.npm/ca39aec5-e-script-coffee-script-1-8-0-tgz.lock
37 verbose addRemoteTarball [ 'https://registry.npmjs.org/coffee-script/-/coffee-script-1.8.0.tgz',
37 verbose addRemoteTarball   '9c9f1d2b4a52a000ded15b659791703648263c1d' ]
38 info retry fetch attempt 1 at 21:45:06
39 verbose fetch to= /tmp/npm-5680-vyW0L5L9/registry.npmjs.org/coffee-script/-/coffee-script-1.8.0.tgz
40 http GET https://registry.npmjs.org/coffee-script/-/coffee-script-1.8.0.tgz
41 http 200 https://registry.npmjs.org/coffee-script/-/coffee-script-1.8.0.tgz
42 silly lockFile ca39aec5-e-script-coffee-script-1-8-0-tgz https://registry.npmjs.org/coffee-script/-/coffee-script-1.8.0.tgz
43 silly lockFile ca39aec5-e-script-coffee-script-1-8-0-tgz https://registry.npmjs.org/coffee-script/-/coffee-script-1.8.0.tgz
44 silly lockFile d0d79082-coffee-script-1-8-0 coffee-script@1.8.0
45 silly lockFile d0d79082-coffee-script-1-8-0 coffee-script@1.8.0
46 silly lockFile 53951495-coffee-script coffee-script@
47 silly lockFile 53951495-coffee-script coffee-script@
48 error Error: EACCES, mkdir '/home/denis/.npm/coffee-script/1.8.0'
48 error  { [Error: EACCES, mkdir '/home/denis/.npm/coffee-script/1.8.0']
48 error   errno: 3,
48 error   code: 'EACCES',
48 error   path: '/home/denis/.npm/coffee-script/1.8.0' }
49 error Please try running this command again as root/Administrator.
50 error System Linux 3.13.0-37-generic
51 error command "/usr/local/bin/node" "/usr/local/bin/npm" "install" "-g" "coffee-script"
52 error cwd /home/denis/Dropbox/development/ruby/muslink
53 error node -v v0.10.32
54 error npm -v 1.4.28
55 error path /home/denis/.npm/coffee-script/1.8.0
56 error code EACCES
57 error errno 3
58 error stack Error: EACCES, mkdir '/home/denis/.npm/coffee-script/1.8.0'
59 verbose exit [ 3, true ]
